HadoopClusterExec -exec option args: [/opt/Beaver/jdk/bin/java, -Xmx800m, -cp, /opt/Beaver/hadoop/etc/hadoop:/opt/Beaver/hadoop-2.7.3/share/hadoop/common/lib/*:/opt/Beaver/hadoop-2.7.3/share/hadoop/common/*:/opt/Beaver/hadoop-2.7.3/share/hadoop/hdfs:/opt/Beaver/hadoop-2.7.3/share/hadoop/hdfs/lib/*:/opt/Beaver/hadoop-2.7.3/share/hadoop/hdfs/*:/opt/Beaver/hadoop-2.7.3/share/hadoop/yarn/lib/*:/opt/Beaver/hadoop-2.7.3/share/hadoop/yarn/*:/opt/Beaver/hadoop-2.7.3/share/hadoop/mapreduce/lib/*:/opt/Beaver/hadoop-2.7.3/share/hadoop/mapreduce/*:/opt/Beaver/hadoop/contrib/capacity-scheduler/*.jar:pdgf.jar, -Dpdgf.log.folder=/tmp/pdgfLog/HadoopClusterExec.taskNumber, -Dcore-site.xml=/opt/Beaver/hadoop/etc/hadoop/core-site.xml, -Dhdfs-site.xml=/opt/Beaver/hadoop/etc/hadoop/hdfs-site.xml, -Djava.library.path=/opt/Beaver/hadoop/lib/native, -DFileChannelProvider=pdgf.util.caching.fileWriter.HDFSChannelProvider, -Ddfs.replication.override=-1, pdgf.Controller, -nc, HadoopClusterExec.tasks, -nn, HadoopClusterExec.taskNumber, -ns, -c, -sp, REFRESH_PHASE, 0, -o, '/user/root/benchmarks/bigbench/data/'+table.getName()+'/', -workers, 1, -ap, 3000, -s, -sf, 1]
HadoopClusterExec -mapTasks: Setting number of map tasks to: 50
HadoopClusterExec -execCWD: set working directory for exec to: pdgfEnvironment.tar/data-generator/

-------Distributed cache content -----------
Cache Archives:

Cache Files:

Archive Classpaths:

Local Cache Archives:

Local Cache Files:
-------/Distributed cache content -----------

17/04/26 10:39:02 INFO client.RMProxy: Connecting to ResourceManager at bdpe611n1/10.239.47.139:8032
17/04/26 10:39:03 INFO hadoop.HadoopClusterExec: HadoopClusterExec.numMaps=50
17/04/26 10:39:03 INFO hadoop.HadoopClusterExec: CUSTOM SPLITS: Starting 50 tasks
17/04/26 10:39:03 INFO mapreduce.JobSubmitter: number of splits:50
17/04/26 10:39:03 INFO mapreduce.JobSubmitter: Submitting tokens for job: job_1493173284393_0002
17/04/26 10:39:03 INFO impl.YarnClientImpl: Submitted application application_1493173284393_0002
17/04/26 10:39:03 INFO mapreduce.Job: The url to track the job: http://bdpe611n1:8088/proxy/application_1493173284393_0002/
17/04/26 10:39:03 INFO mapreduce.Job: Running job: job_1493173284393_0002
17/04/26 10:39:08 INFO mapreduce.Job: Job job_1493173284393_0002 running in uber mode : false
17/04/26 10:39:08 INFO mapreduce.Job:  map 0% reduce 0%
17/04/26 10:39:22 INFO mapreduce.Job:  map 2% reduce 0%
17/04/26 10:39:23 INFO mapreduce.Job:  map 8% reduce 0%
17/04/26 10:39:25 INFO mapreduce.Job:  map 12% reduce 0%
17/04/26 10:39:27 INFO mapreduce.Job:  map 16% reduce 0%
17/04/26 10:39:28 INFO mapreduce.Job:  map 20% reduce 0%
17/04/26 10:39:29 INFO mapreduce.Job:  map 22% reduce 0%
17/04/26 10:39:30 INFO mapreduce.Job:  map 26% reduce 0%
17/04/26 10:39:31 INFO mapreduce.Job:  map 34% reduce 0%
17/04/26 10:39:32 INFO mapreduce.Job:  map 40% reduce 0%
17/04/26 10:39:33 INFO mapreduce.Job:  map 44% reduce 0%
17/04/26 10:39:34 INFO mapreduce.Job:  map 50% reduce 0%
17/04/26 10:39:35 INFO mapreduce.Job:  map 56% reduce 0%
17/04/26 10:39:38 INFO mapreduce.Job:  map 62% reduce 0%
17/04/26 10:39:39 INFO mapreduce.Job:  map 70% reduce 0%
17/04/26 10:39:40 INFO mapreduce.Job:  map 84% reduce 0%
17/04/26 10:39:41 INFO mapreduce.Job:  map 96% reduce 0%
17/04/26 10:39:42 INFO mapreduce.Job:  map 100% reduce 0%
17/04/26 10:39:43 INFO mapreduce.Job: Job job_1493173284393_0002 completed successfully
17/04/26 10:39:43 INFO mapreduce.Job: Counters: 30
	File System Counters
		FILE: Number of bytes read=0
		FILE: Number of bytes written=6113640
		FILE: Number of read operations=0
		FILE: Number of large read operations=0
		FILE: Number of write operations=0
		HDFS: Number of bytes read=3800
		HDFS: Number of bytes written=0
		HDFS: Number of read operations=50
		HDFS: Number of large read operations=0
		HDFS: Number of write operations=0
	Job Counters 
		Launched map tasks=50
		Other local map tasks=50
		Total time spent by all maps in occupied slots (ms)=3530796
		Total time spent by all reduces in occupied slots (ms)=0
		Total time spent by all map tasks (ms)=882699
		Total vcore-milliseconds taken by all map tasks=882699
		Total megabyte-milliseconds taken by all map tasks=3615535104
	Map-Reduce Framework
		Map input records=50
		Map output records=0
		Input split bytes=3800
		Spilled Records=0
		Failed Shuffles=0
		Merged Map outputs=0
		GC time elapsed (ms)=4077
		CPU time spent (ms)=2398830
		Physical memory (bytes) snapshot=20051591168
		Virtual memory (bytes) snapshot=278641840128
		Total committed heap usage (bytes)=38031851520
	File Input Format Counters 
		Bytes Read=0
	File Output Format Counters 
		Bytes Written=0
----- time -----
Start timestamp: 2017/04/26:10:39:01 1493174341
Stop  timestamp: 2017/04/26:10:39:43 1493174383
Duration: 0h 0m 42s
datagen_base successOrFailSUCCESS exit code: 0
time&status: /opt/Beaver/BB/logs/times.csv
full log: /opt/Beaver/BB/logs/dataGeneration-run_query.log
HadoopClusterExec -exec option args: [/opt/Beaver/jdk/bin/java, -Xmx800m, -cp, /opt/Beaver/hadoop/etc/hadoop:/opt/Beaver/hadoop-2.7.3/share/hadoop/common/lib/*:/opt/Beaver/hadoop-2.7.3/share/hadoop/common/*:/opt/Beaver/hadoop-2.7.3/share/hadoop/hdfs:/opt/Beaver/hadoop-2.7.3/share/hadoop/hdfs/lib/*:/opt/Beaver/hadoop-2.7.3/share/hadoop/hdfs/*:/opt/Beaver/hadoop-2.7.3/share/hadoop/yarn/lib/*:/opt/Beaver/hadoop-2.7.3/share/hadoop/yarn/*:/opt/Beaver/hadoop-2.7.3/share/hadoop/mapreduce/lib/*:/opt/Beaver/hadoop-2.7.3/share/hadoop/mapreduce/*:/opt/Beaver/hadoop/contrib/capacity-scheduler/*.jar:pdgf.jar, -Dpdgf.log.folder=/tmp/pdgfLog/HadoopClusterExec.taskNumber, -Dcore-site.xml=/opt/Beaver/hadoop/etc/hadoop/core-site.xml, -Dhdfs-site.xml=/opt/Beaver/hadoop/etc/hadoop/hdfs-site.xml, -Djava.library.path=/opt/Beaver/hadoop/lib/native, -DFileChannelProvider=pdgf.util.caching.fileWriter.HDFSChannelProvider, -Ddfs.replication.override=-1, pdgf.Controller, -nc, HadoopClusterExec.tasks, -nn, HadoopClusterExec.taskNumber, -ns, -c, -sp, REFRESH_PHASE, 1, -o, '/user/root/benchmarks/bigbench/data_refresh/'+table.getName()+'/', -workers, 1, -ap, 3000, -s, -sf, 1]
HadoopClusterExec -mapTasks: Setting number of map tasks to: 50
HadoopClusterExec -execCWD: set working directory for exec to: pdgfEnvironment.tar/data-generator/

-------Distributed cache content -----------
Cache Archives:

Cache Files:

Archive Classpaths:

Local Cache Archives:

Local Cache Files:
-------/Distributed cache content -----------

17/04/26 10:39:44 INFO client.RMProxy: Connecting to ResourceManager at bdpe611n1/10.239.47.139:8032
17/04/26 10:39:45 INFO hadoop.HadoopClusterExec: HadoopClusterExec.numMaps=50
17/04/26 10:39:45 INFO hadoop.HadoopClusterExec: CUSTOM SPLITS: Starting 50 tasks
17/04/26 10:39:46 INFO mapreduce.JobSubmitter: number of splits:50
17/04/26 10:39:46 INFO mapreduce.JobSubmitter: Submitting tokens for job: job_1493173284393_0003
17/04/26 10:39:46 INFO impl.YarnClientImpl: Submitted application application_1493173284393_0003
17/04/26 10:39:46 INFO mapreduce.Job: The url to track the job: http://bdpe611n1:8088/proxy/application_1493173284393_0003/
17/04/26 10:39:46 INFO mapreduce.Job: Running job: job_1493173284393_0003
17/04/26 10:39:51 INFO mapreduce.Job: Job job_1493173284393_0003 running in uber mode : false
17/04/26 10:39:51 INFO mapreduce.Job:  map 0% reduce 0%
17/04/26 10:40:06 INFO mapreduce.Job:  map 2% reduce 0%
17/04/26 10:40:07 INFO mapreduce.Job:  map 12% reduce 0%
17/04/26 10:40:08 INFO mapreduce.Job:  map 20% reduce 0%
17/04/26 10:40:09 INFO mapreduce.Job:  map 24% reduce 0%
17/04/26 10:40:10 INFO mapreduce.Job:  map 26% reduce 0%
17/04/26 10:40:11 INFO mapreduce.Job:  map 28% reduce 0%
17/04/26 10:40:12 INFO mapreduce.Job:  map 30% reduce 0%
17/04/26 10:40:13 INFO mapreduce.Job:  map 34% reduce 0%
17/04/26 10:40:14 INFO mapreduce.Job:  map 54% reduce 0%
17/04/26 10:40:15 INFO mapreduce.Job:  map 62% reduce 0%
17/04/26 10:40:16 INFO mapreduce.Job:  map 76% reduce 0%
17/04/26 10:40:17 INFO mapreduce.Job:  map 88% reduce 0%
17/04/26 10:40:18 INFO mapreduce.Job:  map 94% reduce 0%
17/04/26 10:40:19 INFO mapreduce.Job:  map 100% reduce 0%
17/04/26 10:40:19 INFO mapreduce.Job: Job job_1493173284393_0003 completed successfully
17/04/26 10:40:20 INFO mapreduce.Job: Counters: 30
	File System Counters
		FILE: Number of bytes read=0
		FILE: Number of bytes written=6114440
		FILE: Number of read operations=0
		FILE: Number of large read operations=0
		FILE: Number of write operations=0
		HDFS: Number of bytes read=3800
		HDFS: Number of bytes written=0
		HDFS: Number of read operations=50
		HDFS: Number of large read operations=0
		HDFS: Number of write operations=0
	Job Counters 
		Launched map tasks=50
		Other local map tasks=50
		Total time spent by all maps in occupied slots (ms)=2899124
		Total time spent by all reduces in occupied slots (ms)=0
		Total time spent by all map tasks (ms)=724781
		Total vcore-milliseconds taken by all map tasks=724781
		Total megabyte-milliseconds taken by all map tasks=2968702976
	Map-Reduce Framework
		Map input records=50
		Map output records=0
		Input split bytes=3800
		Spilled Records=0
		Failed Shuffles=0
		Merged Map outputs=0
		GC time elapsed (ms)=3710
		CPU time spent (ms)=2192520
		Physical memory (bytes) snapshot=18673295360
		Virtual memory (bytes) snapshot=278602543104
		Total committed heap usage (bytes)=37716754432
	File Input Format Counters 
		Bytes Read=0
	File Output Format Counters 
		Bytes Written=0
======= Generating refresh data time =========
Start timestamp: 2017/04/26:10:39:43 1493174383
Stop  timestamp: 2017/04/26:10:40:20 1493174420
Duration:  0h 0m 37s
datagen_refresh SUCCESSFUL
time&status: /opt/Beaver/BB/logs/times.csv
full log: /opt/Beaver/BB/logs/dataGeneration-run_query.log
